<?xml version="1.0" encoding="UTF-8"?>
<!-- Generated by org.testng.reporters.JUnitReportReporter -->
<testsuite hostname="AadiKadarla" failures="0" tests="1" name="com.Flipkart.SampleTestCase.SampleTestCase" time="9.051" errors="0" timestamp="2025-04-02T12:13:03 IST" skipped="0">
  <testcase classname="com.Flipkart.SampleTestCase.SampleTestCase" name="f" time="9.051"/>
</testsuite> <!-- com.Flipkart.SampleTestCase.SampleTestCase -->
