<?xml version="1.0" encoding="UTF-8"?>
<!-- Generated by org.testng.reporters.JUnitReportReporter -->
<testsuite hostname="AadiKadarla" failures="0" tests="1" name="com.Flipkart.TestRunner.TestRunner" time="12.413" errors="0" timestamp="2025-04-10T22:44:53 IST" skipped="0">
  <testcase classname="com.Flipkart.TestRunner.TestRunner" name="runScenario" time="12.413"/>
</testsuite> <!-- com.Flipkart.TestRunner.TestRunner -->
